{"/Users/rose/Development/flatiron-school/ruby-007/labs/task-list/spec/tasklist-spec.js":{"path":"/Users/rose/Development/flatiron-school/ruby-007/labs/task-list/spec/tasklist-spec.js","s":{"1":1,"2":1,"3":0,"4":0,"5":0,"6":0,"7":0,"8":0,"9":0,"10":0,"11":0,"12":0,"13":0,"14":0,"15":0,"16":0,"17":0,"18":0,"19":0,"20":0,"21":0,"22":0,"23":0,"24":0,"25":0,"26":0,"27":0,"28":0,"29":0},"b":{},"f":{"1":0,"2":0,"3":0,"4":0,"5":0,"6":0,"7":0},"fnMap":{"1":{"name":"(anonymous_1)","line":3,"loc":{"start":{"line":3,"column":38},"end":{"line":3,"column":49}}},"2":{"name":"(anonymous_2)","line":4,"loc":{"start":{"line":4,"column":13},"end":{"line":4,"column":24}}},"3":{"name":"(anonymous_3)","line":10,"loc":{"start":{"line":10,"column":21},"end":{"line":10,"column":32}}},"4":{"name":"(anonymous_4)","line":16,"loc":{"start":{"line":16,"column":56},"end":{"line":16,"column":67}}},"5":{"name":"(anonymous_5)","line":23,"loc":{"start":{"line":23,"column":76},"end":{"line":23,"column":87}}},"6":{"name":"(anonymous_6)","line":32,"loc":{"start":{"line":32,"column":81},"end":{"line":32,"column":92}}},"7":{"name":"(anonymous_7)","line":36,"loc":{"start":{"line":36,"column":98},"end":{"line":36,"column":109}}}},"statementMap":{"1":{"start":{"line":1,"column":0},"end":{"line":1,"column":13}},"2":{"start":{"line":3,"column":0},"end":{"line":45,"column":3}},"3":{"start":{"line":4,"column":2},"end":{"line":14,"column":5}},"4":{"start":{"line":5,"column":4},"end":{"line":5,"column":52}},"5":{"start":{"line":6,"column":4},"end":{"line":6,"column":61}},"6":{"start":{"line":7,"column":4},"end":{"line":7,"column":53}},"7":{"start":{"line":8,"column":4},"end":{"line":8,"column":31}},"8":{"start":{"line":10,"column":4},"end":{"line":10,"column":57}},"9":{"start":{"line":10,"column":34},"end":{"line":10,"column":53}},"10":{"start":{"line":11,"column":4},"end":{"line":11,"column":35}},"11":{"start":{"line":12,"column":4},"end":{"line":12,"column":41}},"12":{"start":{"line":13,"column":4},"end":{"line":13,"column":18}},"13":{"start":{"line":16,"column":2},"end":{"line":21,"column":5}},"14":{"start":{"line":17,"column":4},"end":{"line":17,"column":41}},"15":{"start":{"line":18,"column":4},"end":{"line":18,"column":28}},"16":{"start":{"line":20,"column":4},"end":{"line":20,"column":79}},"17":{"start":{"line":23,"column":2},"end":{"line":30,"column":5}},"18":{"start":{"line":24,"column":4},"end":{"line":24,"column":38}},"19":{"start":{"line":25,"column":4},"end":{"line":25,"column":28}},"20":{"start":{"line":26,"column":4},"end":{"line":26,"column":28}},"21":{"start":{"line":27,"column":4},"end":{"line":27,"column":31}},"22":{"start":{"line":29,"column":4},"end":{"line":29,"column":77}},"23":{"start":{"line":32,"column":2},"end":{"line":34,"column":5}},"24":{"start":{"line":33,"column":4},"end":{"line":33,"column":76}},"25":{"start":{"line":36,"column":2},"end":{"line":43,"column":5}},"26":{"start":{"line":37,"column":4},"end":{"line":37,"column":27}},"27":{"start":{"line":39,"column":4},"end":{"line":39,"column":30}},"28":{"start":{"line":40,"column":4},"end":{"line":40,"column":31}},"29":{"start":{"line":42,"column":4},"end":{"line":42,"column":76}}},"branchMap":{}}}